TN:
SF:config\database\postgres\pool.js
FNF:0
FNH:0
DA:1,6
DA:2,6
DA:4,6
DA:6,6
LF:4
LH:4
BRF:0
BRH:0
end_of_record
TN:
SF:src\Applications\security\AuthenticationTokenManger.js
FN:2,(anonymous_0)
FN:6,(anonymous_1)
FN:10,(anonymous_2)
FN:14,(anonymous_3)
FNF:4
FNH:4
FNDA:1,(anonymous_0)
FNDA:1,(anonymous_1)
FNDA:1,(anonymous_2)
FNDA:1,(anonymous_3)
DA:3,1
DA:7,1
DA:11,1
DA:15,1
DA:19,19
LF:5
LH:5
BRF:0
BRH:0
end_of_record
TN:
SF:src\Applications\security\Passwordhash.js
FN:2,(anonymous_0)
FN:6,(anonymous_1)
FNF:2
FNH:2
FNDA:1,(anonymous_0)
FNDA:1,(anonymous_1)
DA:3,1
DA:7,1
DA:11,4
LF:3
LH:3
BRF:0
BRH:0
end_of_record
TN:
SF:src\Applications\use_case\authentications\RefreshAuthenticationUseCase.js
FN:2,(anonymous_0)
FN:10,(anonymous_1)
FN:19,(anonymous_2)
FNF:3
FNH:3
FNDA:3,(anonymous_0)
FNDA:3,(anonymous_1)
FNDA:3,(anonymous_2)
DA:6,3
DA:7,3
DA:11,3
DA:12,1
DA:13,1
DA:14,1
DA:15,1
DA:16,1
DA:20,3
DA:21,1
DA:24,2
DA:25,1
DA:30,1
LF:13
LH:13
BRDA:20,0,0,1
BRDA:20,0,1,2
BRDA:24,1,0,1
BRDA:24,1,1,1
BRF:4
BRH:4
end_of_record
TN:
SF:src\Applications\use_case\comments\AddCommentUseCase.js
FN:2,(anonymous_0)
FN:13,(anonymous_1)
FN:26,(anonymous_2)
FNF:3
FNH:3
FNDA:3,(anonymous_0)
FNDA:3,(anonymous_1)
FNDA:3,(anonymous_2)
DA:7,3
DA:8,3
DA:9,3
DA:10,3
DA:14,3
DA:15,1
DA:16,1
DA:17,1
DA:18,1
DA:19,1
DA:27,3
DA:28,1
DA:31,2
DA:32,1
DA:37,1
LF:15
LH:15
BRDA:27,0,0,1
BRDA:27,0,1,2
BRDA:31,1,0,1
BRDA:31,1,1,1
BRF:4
BRH:4
end_of_record
TN:
SF:src\Applications\use_case\comments\GetCommentsUseCase.js
FN:2,(anonymous_0)
FN:13,(anonymous_1)
FNF:2
FNH:2
FNDA:1,(anonymous_0)
FNDA:1,(anonymous_1)
DA:7,1
DA:8,1
DA:9,1
DA:10,1
DA:14,1
DA:15,1
DA:16,1
DA:17,1
DA:18,1
DA:22,1
LF:10
LH:10
BRF:0
BRH:0
end_of_record
TN:
SF:src\Applications\use_case\members\AddMemberUseCase.js
FN:4,(anonymous_0)
FN:10,(anonymous_1)
FNF:2
FNH:2
FNDA:1,(anonymous_0)
FNDA:1,(anonymous_1)
DA:1,1
DA:5,1
DA:6,1
DA:7,1
DA:11,1
DA:12,1
DA:13,1
DA:14,1
DA:22,1
LF:9
LH:9
BRF:0
BRH:0
end_of_record
TN:
SF:src\Applications\use_case\members\DeleteMemberByIdUseCase.js
FN:2,(anonymous_0)
FN:12,(anonymous_1)
FNF:2
FNH:2
FNDA:1,(anonymous_0)
FNDA:1,(anonymous_1)
DA:7,1
DA:8,1
DA:9,1
DA:13,1
DA:14,1
DA:15,1
DA:19,1
LF:7
LH:7
BRF:0
BRH:0
end_of_record
TN:
SF:src\Applications\use_case\members\GetMembersUseCase.js
FN:2,(anonymous_0)
FN:7,(anonymous_1)
FNF:2
FNH:2
FNDA:1,(anonymous_0)
FNDA:1,(anonymous_1)
DA:3,1
DA:4,1
DA:8,1
DA:9,1
DA:10,1
DA:14,1
LF:6
LH:6
BRF:0
BRH:0
end_of_record
TN:
SF:src\Applications\use_case\projects\AddProjectUseCase.js
FN:4,(anonymous_0)
FN:10,(anonymous_1)
FNF:2
FNH:2
FNDA:1,(anonymous_0)
FNDA:1,(anonymous_1)
DA:1,1
DA:5,1
DA:6,1
DA:7,1
DA:11,1
DA:12,1
DA:13,1
DA:14,1
DA:22,1
LF:9
LH:9
BRF:0
BRH:0
end_of_record
TN:
SF:src\Applications\use_case\projects\DeleteProjectByIdUseCase.js
FN:2,(anonymous_0)
FN:7,(anonymous_1)
FNF:2
FNH:2
FNDA:1,(anonymous_0)
FNDA:1,(anonymous_1)
DA:3,1
DA:4,1
DA:8,1
DA:9,1
DA:10,1
DA:14,1
LF:6
LH:6
BRF:0
BRH:0
end_of_record
TN:
SF:src\Applications\use_case\projects\EditProjectByIdUseCase.js
FN:2,(anonymous_0)
FN:7,(anonymous_1)
FN:14,(anonymous_2)
FNF:3
FNH:3
FNDA:2,(anonymous_0)
FNDA:2,(anonymous_1)
FNDA:2,(anonymous_2)
DA:3,2
DA:4,2
DA:8,2
DA:9,1
DA:10,1
DA:11,1
DA:15,2
DA:16,1
DA:21,1
LF:9
LH:9
BRDA:15,0,0,1
BRDA:15,0,1,1
BRDA:15,1,0,2
BRDA:15,1,1,1
BRF:4
BRH:4
end_of_record
TN:
SF:src\Applications\use_case\projects\GetProjectByIdUseCase.js
FN:2,(anonymous_0)
FN:7,(anonymous_1)
FNF:2
FNH:2
FNDA:1,(anonymous_0)
FNDA:1,(anonymous_1)
DA:3,1
DA:4,1
DA:8,1
DA:9,1
DA:10,1
DA:14,1
LF:6
LH:6
BRF:0
BRH:0
end_of_record
TN:
SF:src\Applications\use_case\projects\GetProjectsUseCase.js
FN:2,(anonymous_0)
FN:7,(anonymous_1)
FNF:2
FNH:2
FNDA:1,(anonymous_0)
FNDA:1,(anonymous_1)
DA:3,1
DA:4,1
DA:8,1
DA:9,1
DA:13,1
LF:5
LH:5
BRF:0
BRH:0
end_of_record
TN:
SF:src\Applications\use_case\tasks\AddTaskUseCase.js
FN:4,(anonymous_0)
FN:11,(anonymous_1)
FNF:2
FNH:2
FNDA:1,(anonymous_0)
FNDA:1,(anonymous_1)
DA:1,1
DA:5,1
DA:6,1
DA:7,1
DA:8,1
DA:12,1
DA:13,1
DA:14,1
DA:16,1
DA:17,1
DA:20,1
DA:33,1
LF:12
LH:12
BRDA:16,0,0,1
BRDA:16,0,1,0
BRF:2
BRH:1
end_of_record
TN:
SF:src\Applications\use_case\tasks\DeleteTaskByIdUseCase.js
FN:2,(anonymous_0)
FN:14,(anonymous_1)
FNF:2
FNH:2
FNDA:1,(anonymous_0)
FNDA:1,(anonymous_1)
DA:8,1
DA:9,1
DA:10,1
DA:11,1
DA:15,1
DA:16,1
DA:17,1
DA:18,1
DA:22,1
LF:9
LH:9
BRF:0
BRH:0
end_of_record
TN:
SF:src\Applications\use_case\tasks\EditTaskByIdUseCase.js
FN:2,(anonymous_0)
FN:14,(anonymous_1)
FNF:2
FNH:2
FNDA:1,(anonymous_0)
FNDA:1,(anonymous_1)
DA:8,1
DA:9,1
DA:10,1
DA:11,1
DA:15,1
DA:16,1
DA:17,1
DA:19,1
DA:20,1
DA:23,1
DA:35,1
LF:11
LH:11
BRDA:19,0,0,1
BRDA:19,0,1,0
BRF:2
BRH:1
end_of_record
TN:
SF:src\Applications\use_case\tasks\GetTaskByIdUseCase.js
FN:2,(anonymous_0)
FN:12,(anonymous_1)
FNF:2
FNH:2
FNDA:1,(anonymous_0)
FNDA:1,(anonymous_1)
DA:7,1
DA:8,1
DA:9,1
DA:13,1
DA:14,1
DA:15,1
DA:16,1
DA:20,1
LF:8
LH:8
BRF:0
BRH:0
end_of_record
TN:
SF:src\Applications\use_case\tasks\GetTasksUseCase.js
FN:2,(anonymous_0)
FN:12,(anonymous_1)
FNF:2
FNH:2
FNDA:1,(anonymous_0)
FNDA:1,(anonymous_1)
DA:7,1
DA:8,1
DA:9,1
DA:13,1
DA:14,1
DA:15,1
DA:24,1
LF:7
LH:7
BRF:0
BRH:0
end_of_record
TN:
SF:src\Applications\use_case\users\AddUserUseCase.js
FN:4,(anonymous_0)
FN:9,(anonymous_1)
FNF:2
FNH:2
FNDA:1,(anonymous_0)
FNDA:1,(anonymous_1)
DA:1,1
DA:5,1
DA:6,1
DA:10,1
DA:11,1
DA:12,1
DA:14,1
DA:18,1
LF:8
LH:8
BRF:0
BRH:0
end_of_record
TN:
SF:src\Applications\use_case\users\LoginUserUseCase.js
FN:5,(anonymous_0)
FN:17,(anonymous_1)
FNF:2
FNH:2
FNDA:1,(anonymous_0)
FNDA:1,(anonymous_1)
DA:1,1
DA:2,1
DA:11,1
DA:12,1
DA:13,1
DA:14,1
DA:18,1
DA:19,1
DA:20,1
DA:21,1
DA:22,1
DA:23,1
DA:24,1
DA:26,1
DA:31,1
DA:35,1
LF:16
LH:16
BRF:0
BRH:0
end_of_record
TN:
SF:src\Applications\use_case\users\LogoutUserUseCase.js
FN:2,(anonymous_0)
FN:6,(anonymous_1)
FN:13,(anonymous_2)
FNF:3
FNH:3
FNDA:3,(anonymous_0)
FNDA:3,(anonymous_1)
FNDA:3,(anonymous_2)
DA:3,3
DA:7,3
DA:8,1
DA:9,1
DA:10,1
DA:14,3
DA:15,1
DA:18,2
DA:19,1
DA:24,1
LF:10
LH:10
BRDA:14,0,0,1
BRDA:14,0,1,2
BRDA:18,1,0,1
BRDA:18,1,1,1
BRF:4
BRH:4
end_of_record
TN:
SF:src\Commons\Exeptions\AuthenticationError.js
FN:4,(anonymous_0)
FNF:1
FNH:1
FNDA:2,(anonymous_0)
DA:1,2
DA:5,2
DA:6,2
DA:10,2
LF:4
LH:4
BRF:0
BRH:0
end_of_record
TN:
SF:src\Commons\Exeptions\AuthorizationError.js
FN:4,(anonymous_0)
FNF:1
FNH:1
FNDA:8,(anonymous_0)
DA:1,3
DA:5,8
DA:6,8
DA:10,3
LF:4
LH:4
BRF:0
BRH:0
end_of_record
TN:
SF:src\Commons\Exeptions\ClientError.js
FN:2,(anonymous_0)
FNF:1
FNH:1
FNDA:68,(anonymous_0)
DA:3,68
DA:5,68
DA:6,1
DA:9,67
DA:10,67
DA:14,14
LF:6
LH:6
BRDA:2,0,0,39
BRDA:5,1,0,1
BRDA:5,1,1,67
BRF:3
BRH:3
end_of_record
TN:
SF:src\Commons\Exeptions\DomainErrorTranslator.js
FN:4,(anonymous_0)
FNF:1
FNH:1
FNDA:11,(anonymous_0)
DA:1,1
DA:3,1
DA:5,11
DA:9,1
DA:29,1
LF:5
LH:5
BRDA:5,0,0,11
BRDA:5,0,1,1
BRF:2
BRH:2
end_of_record
TN:
SF:src\Commons\Exeptions\InvariantError.js
FN:4,(anonymous_0)
FNF:1
FNH:1
FNDA:38,(anonymous_0)
DA:1,6
DA:5,38
DA:6,38
DA:10,6
LF:4
LH:4
BRF:0
BRH:0
end_of_record
TN:
SF:src\Commons\Exeptions\NotFoundError.js
FN:4,(anonymous_0)
FNF:1
FNH:1
FNDA:19,(anonymous_0)
DA:1,5
DA:5,19
DA:6,19
DA:10,5
LF:4
LH:4
BRF:0
BRH:0
end_of_record
TN:
SF:src\Domains\authentications\AuthenticationRepository.js
FN:2,(anonymous_0)
FN:6,(anonymous_1)
FN:10,(anonymous_2)
FNF:3
FNH:3
FNDA:1,(anonymous_0)
FNDA:1,(anonymous_1)
FNDA:1,(anonymous_2)
DA:3,1
DA:7,1
DA:11,1
DA:15,5
LF:4
LH:4
BRF:0
BRH:0
end_of_record
TN:
SF:src\Domains\authentications\entities\Auth.js
FN:2,(anonymous_0)
FN:10,(anonymous_1)
FNF:2
FNH:2
FNDA:7,(anonymous_0)
FNDA:7,(anonymous_1)
DA:3,7
DA:5,5
DA:6,5
DA:7,5
DA:11,7
DA:12,1
DA:15,6
DA:16,1
DA:21,2
LF:9
LH:9
BRDA:11,0,0,1
BRDA:11,0,1,6
BRDA:11,1,0,7
BRDA:11,1,1,7
BRDA:15,2,0,1
BRDA:15,2,1,5
BRDA:15,3,0,6
BRDA:15,3,1,5
BRF:8
BRH:8
end_of_record
TN:
SF:src\Domains\comments\CommentRepository.js
FN:2,(anonymous_0)
FN:6,(anonymous_1)
FNF:2
FNH:2
FNDA:1,(anonymous_0)
FNDA:1,(anonymous_1)
DA:3,1
DA:7,1
DA:11,4
LF:3
LH:3
BRF:0
BRH:0
end_of_record
TN:
SF:src\Domains\members\MemberRepository.js
FN:2,(anonymous_0)
FN:6,(anonymous_1)
FN:10,(anonymous_2)
FN:14,(anonymous_3)
FN:18,(anonymous_4)
FNF:5
FNH:5
FNDA:1,(anonymous_0)
FNDA:1,(anonymous_1)
FNDA:1,(anonymous_2)
FNDA:1,(anonymous_3)
FNDA:1,(anonymous_4)
DA:3,1
DA:7,1
DA:11,1
DA:15,1
DA:19,1
DA:23,12
LF:6
LH:6
BRF:0
BRH:0
end_of_record
TN:
SF:src\Domains\members\entities\Member.js
FN:2,(anonymous_0)
FN:10,(anonymous_1)
FNF:2
FNH:2
FNDA:4,(anonymous_0)
FNDA:4,(anonymous_1)
DA:3,4
DA:5,2
DA:6,2
DA:7,2
DA:11,4
DA:12,1
DA:15,3
DA:16,1
DA:21,2
LF:9
LH:9
BRDA:11,0,0,1
BRDA:11,0,1,3
BRDA:11,1,0,4
BRDA:11,1,1,4
BRDA:15,2,0,1
BRDA:15,2,1,2
BRDA:15,3,0,3
BRDA:15,3,1,2
BRF:8
BRH:8
end_of_record
TN:
SF:src\Domains\projects\ProjectRepository.js
FN:2,(anonymous_0)
FN:6,(anonymous_1)
FN:10,(anonymous_2)
FN:14,(anonymous_3)
FN:18,(anonymous_4)
FN:22,(anonymous_5)
FNF:6
FNH:6
FNDA:1,(anonymous_0)
FNDA:1,(anonymous_1)
FNDA:1,(anonymous_2)
FNDA:1,(anonymous_3)
FNDA:1,(anonymous_4)
FNDA:1,(anonymous_5)
DA:3,1
DA:7,1
DA:11,1
DA:15,1
DA:19,1
DA:23,1
DA:27,14
LF:7
LH:7
BRF:0
BRH:0
end_of_record
TN:
SF:src\Domains\projects\entities\AddedProject.js
FN:2,(anonymous_0)
FN:11,(anonymous_1)
FNF:2
FNH:2
FNDA:7,(anonymous_0)
FNDA:7,(anonymous_1)
DA:3,7
DA:5,5
DA:6,5
DA:7,5
DA:8,5
DA:12,7
DA:13,1
DA:16,6
DA:17,1
DA:22,3
LF:10
LH:10
BRDA:12,0,0,1
BRDA:12,0,1,6
BRDA:12,1,0,7
BRDA:12,1,1,7
BRDA:12,1,2,7
BRDA:16,2,0,1
BRDA:16,2,1,5
BRDA:16,3,0,6
BRDA:16,3,1,5
BRDA:16,3,2,5
BRF:10
BRH:10
end_of_record
TN:
SF:src\Domains\projects\entities\Project.js
FN:2,(anonymous_0)
FN:11,(anonymous_1)
FNF:2
FNH:2
FNDA:5,(anonymous_0)
FNDA:5,(anonymous_1)
DA:3,5
DA:5,3
DA:6,3
DA:7,3
DA:8,3
DA:12,5
DA:13,1
DA:16,4
DA:17,1
DA:22,2
LF:10
LH:10
BRDA:12,0,0,1
BRDA:12,0,1,4
BRDA:12,1,0,5
BRDA:12,1,1,5
BRDA:12,1,2,4
BRDA:16,2,0,1
BRDA:16,2,1,3
BRDA:16,3,0,4
BRDA:16,3,1,3
BRDA:16,3,2,3
BRF:10
BRH:10
end_of_record
TN:
SF:src\Domains\tasks\TaskRepository.js
FN:2,(anonymous_0)
FN:6,(anonymous_1)
FN:10,(anonymous_2)
FN:14,(anonymous_3)
FN:18,(anonymous_4)
FNF:5
FNH:5
FNDA:1,(anonymous_0)
FNDA:1,(anonymous_1)
FNDA:1,(anonymous_2)
FNDA:1,(anonymous_3)
FNDA:1,(anonymous_4)
DA:3,1
DA:7,1
DA:11,1
DA:15,1
DA:19,1
DA:23,9
LF:6
LH:6
BRF:0
BRH:0
end_of_record
TN:
SF:src\Domains\tasks\entities\AddedTask.js
FN:2,(anonymous_0)
FN:32,(anonymous_1)
FNF:2
FNH:2
FNDA:11,(anonymous_0)
FNDA:11,(anonymous_1)
DA:3,11
DA:17,9
DA:19,9
DA:20,9
DA:21,9
DA:22,9
DA:23,9
DA:24,9
DA:25,9
DA:26,9
DA:27,9
DA:28,9
DA:29,9
DA:45,11
DA:46,1
DA:50,10
DA:59,1
DA:63,9
DA:66,0
DA:71,3
LF:20
LH:19
BRDA:45,0,0,1
BRDA:45,0,1,10
BRDA:45,1,0,11
BRDA:45,1,1,11
BRDA:45,1,2,11
BRDA:45,1,3,10
BRDA:45,1,4,10
BRDA:45,1,5,10
BRDA:45,1,6,10
BRDA:45,1,7,10
BRDA:50,2,0,1
BRDA:50,2,1,9
BRDA:50,3,0,10
BRDA:50,3,1,9
BRDA:50,3,2,9
BRDA:50,3,3,9
BRDA:50,3,4,9
BRDA:50,3,5,9
BRDA:50,3,6,9
BRDA:50,3,7,9
BRDA:63,4,0,0
BRDA:63,4,1,9
BRDA:63,5,0,9
BRDA:63,5,1,8
BRDA:63,5,2,5
BRDA:63,5,3,9
BRDA:63,5,4,8
BRDA:63,5,5,5
BRDA:63,5,6,9
BRDA:63,5,7,7
BRDA:63,5,8,2
BRF:31
BRH:30
end_of_record
TN:
SF:src\Domains\tasks\entities\Task.js
FN:2,(anonymous_0)
FN:14,(anonymous_1)
FNF:2
FNH:2
FNDA:5,(anonymous_0)
FNDA:5,(anonymous_1)
DA:3,5
DA:5,3
DA:6,3
DA:7,3
DA:8,3
DA:9,3
DA:10,3
DA:11,3
DA:15,5
DA:16,1
DA:19,4
DA:20,1
DA:24,3
DA:29,0
DA:34,2
LF:15
LH:14
BRDA:15,0,0,1
BRDA:15,0,1,4
BRDA:19,1,0,1
BRDA:19,1,1,3
BRDA:24,2,0,0
BRDA:24,2,1,3
BRDA:24,3,0,3
BRDA:24,3,1,2
BRDA:24,3,2,3
BRDA:24,3,3,2
BRDA:24,3,4,3
BRDA:24,3,5,0
BRDA:24,3,6,3
BRDA:24,3,7,0
BRDA:24,3,8,3
BRDA:24,3,9,2
BRF:16
BRH:13
end_of_record
TN:
SF:src\Domains\users\UserRepository.js
FN:2,(anonymous_0)
FN:6,(anonymous_1)
FN:10,(anonymous_2)
FN:14,(anonymous_3)
FN:18,(anonymous_4)
FNF:5
FNH:5
FNDA:1,(anonymous_0)
FNDA:1,(anonymous_1)
FNDA:1,(anonymous_2)
FNDA:1,(anonymous_3)
FNDA:1,(anonymous_4)
DA:3,1
DA:7,1
DA:11,1
DA:15,1
DA:19,1
DA:23,5
LF:6
LH:6
BRF:0
BRH:0
end_of_record
TN:
SF:src\Domains\users\entities\LoginUser.js
FN:2,(anonymous_0)
FN:10,(anonymous_1)
FNF:2
FNH:2
FNDA:4,(anonymous_0)
FNDA:4,(anonymous_1)
DA:3,4
DA:5,2
DA:6,2
DA:7,2
DA:11,4
DA:12,1
DA:15,3
DA:16,1
DA:21,2
LF:9
LH:9
BRDA:11,0,0,1
BRDA:11,0,1,3
BRDA:11,1,0,4
BRDA:11,1,1,4
BRDA:15,2,0,1
BRDA:15,2,1,2
BRDA:15,3,0,3
BRDA:15,3,1,2
BRF:8
BRH:8
end_of_record
TN:
SF:src\Domains\users\entities\RegisterUser.js
FN:2,(anonymous_0)
FN:11,(anonymous_1)
FNF:2
FNH:2
FNDA:9,(anonymous_0)
FNDA:9,(anonymous_1)
DA:3,9
DA:5,5
DA:6,5
DA:7,5
DA:8,5
DA:12,9
DA:13,1
DA:16,8
DA:17,1
DA:20,7
DA:21,1
DA:24,6
DA:25,1
DA:30,3
LF:14
LH:14
BRDA:12,0,0,1
BRDA:12,0,1,8
BRDA:12,1,0,9
BRDA:12,1,1,9
BRDA:12,1,2,9
BRDA:16,2,0,1
BRDA:16,2,1,7
BRDA:16,3,0,8
BRDA:16,3,1,7
BRDA:16,3,2,7
BRDA:20,4,0,1
BRDA:20,4,1,6
BRDA:24,5,0,1
BRDA:24,5,1,5
BRF:14
BRH:14
end_of_record
TN:
SF:src\Domains\users\entities\RegisteredUser.js
FN:2,(anonymous_0)
FN:11,(anonymous_1)
FNF:2
FNH:2
FNDA:8,(anonymous_0)
FNDA:8,(anonymous_1)
DA:3,8
DA:5,6
DA:6,6
DA:7,6
DA:8,6
DA:12,8
DA:13,1
DA:16,7
DA:17,1
DA:22,3
LF:10
LH:10
BRDA:12,0,0,1
BRDA:12,0,1,7
BRDA:12,1,0,8
BRDA:12,1,1,8
BRDA:12,1,2,8
BRDA:16,2,0,1
BRDA:16,2,1,6
BRDA:16,3,0,7
BRDA:16,3,1,6
BRDA:16,3,2,6
BRF:10
BRH:10
end_of_record
TN:
SF:src\Infrastructures\repository\AuthenticationRepositoryPostgres.js
FN:5,(anonymous_0)
FN:10,(anonymous_1)
FN:19,(anonymous_2)
FN:31,(anonymous_3)
FNF:4
FNH:4
FNDA:4,(anonymous_0)
FNDA:1,(anonymous_1)
FNDA:2,(anonymous_2)
FNDA:1,(anonymous_3)
DA:1,1
DA:2,1
DA:6,4
DA:7,4
DA:11,1
DA:16,1
DA:20,2
DA:25,2
DA:26,2
DA:27,1
DA:32,1
DA:37,1
DA:41,1
LF:13
LH:13
BRDA:26,0,0,1
BRDA:26,0,1,1
BRF:2
BRH:2
end_of_record
TN:
SF:src\Infrastructures\repository\CommentRepositoryPostgres.js
FN:4,(anonymous_0)
FN:10,(anonymous_1)
FN:24,(anonymous_2)
FNF:3
FNH:3
FNDA:3,(anonymous_0)
FNDA:2,(anonymous_1)
FNDA:1,(anonymous_2)
DA:1,1
DA:5,3
DA:6,3
DA:7,3
DA:11,2
DA:12,2
DA:13,2
DA:15,2
DA:20,2
DA:21,2
DA:25,1
DA:37,1
DA:38,1
DA:39,1
DA:43,1
LF:15
LH:15
BRF:0
BRH:0
end_of_record
TN:
SF:src\Infrastructures\repository\MemberRepositoryPostgres.js
FN:5,(anonymous_0)
FN:10,(anonymous_1)
FN:22,(anonymous_2)
FN:33,(anonymous_3)
FN:43,(anonymous_4)
FN:57,(anonymous_5)
FNF:6
FNH:6
FNDA:9,(anonymous_0)
FNDA:2,(anonymous_1)
FNDA:2,(anonymous_2)
FNDA:1,(anonymous_3)
FNDA:2,(anonymous_4)
FNDA:2,(anonymous_5)
DA:1,1
DA:2,1
DA:6,9
DA:7,9
DA:11,2
DA:16,2
DA:17,2
DA:18,1
DA:23,2
DA:24,2
DA:29,2
DA:30,2
DA:34,1
DA:39,1
DA:40,1
DA:44,2
DA:49,2
DA:50,2
DA:51,1
DA:54,1
DA:58,2
DA:63,2
DA:64,2
DA:65,1
DA:70,1
LF:25
LH:25
BRDA:17,0,0,1
BRDA:17,0,1,1
BRDA:50,1,0,1
BRDA:50,1,1,1
BRDA:64,2,0,1
BRDA:64,2,1,1
BRF:6
BRH:6
end_of_record
TN:
SF:src\Infrastructures\repository\ProjectRepositoryPostgres.js
FN:7,(anonymous_0)
FN:13,(anonymous_1)
FN:30,(anonymous_2)
FN:45,(anonymous_3)
FN:59,(anonymous_4)
FN:77,(anonymous_5)
FN:94,(anonymous_6)
FNF:7
FNH:7
FNDA:10,(anonymous_0)
FNDA:2,(anonymous_1)
FNDA:1,(anonymous_2)
FNDA:1,(anonymous_3)
FNDA:3,(anonymous_4)
FNDA:2,(anonymous_5)
FNDA:1,(anonymous_6)
DA:1,1
DA:2,1
DA:3,1
DA:4,1
DA:8,10
DA:9,10
DA:10,10
DA:14,2
DA:15,2
DA:16,2
DA:17,2
DA:18,2
DA:20,2
DA:25,2
DA:27,2
DA:31,1
DA:41,1
DA:42,1
DA:46,1
DA:55,1
DA:56,1
DA:60,3
DA:65,3
DA:66,3
DA:67,1
DA:70,2
DA:72,2
DA:73,1
DA:78,2
DA:79,2
DA:90,2
DA:91,2
DA:95,1
DA:100,1
DA:104,1
LF:35
LH:35
BRDA:66,0,0,1
BRDA:66,0,1,2
BRDA:72,1,0,1
BRDA:72,1,1,1
BRF:4
BRH:4
end_of_record
TN:
SF:src\Infrastructures\repository\TaskRepositoryPostgres.js
FN:6,(anonymous_0)
FN:12,(anonymous_1)
FN:47,(anonymous_2)
FN:64,(anonymous_3)
FN:78,(anonymous_4)
FN:114,(anonymous_5)
FNF:6
FNH:6
FNDA:10,(anonymous_0)
FNDA:3,(anonymous_1)
FNDA:1,(anonymous_2)
FNDA:2,(anonymous_3)
FNDA:2,(anonymous_4)
FNDA:2,(anonymous_5)
DA:1,1
DA:2,1
DA:3,1
DA:7,10
DA:8,10
DA:9,10
DA:22,3
DA:24,3
DA:25,3
DA:27,3
DA:43,3
DA:44,3
DA:48,1
DA:49,1
DA:50,1
DA:51,1
DA:52,1
DA:60,1
DA:61,1
DA:65,2
DA:70,2
DA:71,2
DA:72,1
DA:75,1
DA:87,2
DA:89,2
DA:91,2
DA:106,2
DA:107,2
DA:108,1
DA:111,1
DA:115,2
DA:120,2
DA:121,2
DA:122,1
DA:127,1
LF:36
LH:36
BRDA:32,0,0,3
BRDA:32,0,1,2
BRDA:33,1,0,3
BRDA:33,1,1,2
BRDA:34,2,0,3
BRDA:34,2,1,2
BRDA:35,3,0,3
BRDA:35,3,1,2
BRDA:38,4,0,3
BRDA:38,4,1,2
BRDA:49,5,0,1
BRDA:49,5,1,1
BRDA:50,6,0,1
BRDA:50,6,1,1
BRDA:51,7,0,1
BRDA:51,7,1,0
BRDA:71,8,0,1
BRDA:71,8,1,1
BRDA:107,9,0,1
BRDA:107,9,1,1
BRDA:121,10,0,1
BRDA:121,10,1,1
BRF:22
BRH:21
end_of_record
TN:
SF:src\Infrastructures\repository\UserRepositoryPostgres.js
FN:7,(anonymous_0)
FN:13,(anonymous_1)
FN:29,(anonymous_2)
FN:41,(anonymous_3)
FN:55,(anonymous_4)
FN:69,(anonymous_5)
FNF:6
FNH:6
FNDA:10,(anonymous_0)
FNDA:2,(anonymous_1)
FNDA:2,(anonymous_2)
FNDA:2,(anonymous_3)
FNDA:4,(anonymous_4)
FNDA:2,(anonymous_5)
DA:1,1
DA:2,1
DA:3,1
DA:4,1
DA:8,10
DA:9,10
DA:10,10
DA:14,2
DA:15,2
DA:16,2
DA:17,2
DA:18,2
DA:20,2
DA:25,2
DA:26,2
DA:30,2
DA:35,2
DA:36,2
DA:37,1
DA:42,2
DA:47,2
DA:48,2
DA:49,1
DA:52,1
DA:56,4
DA:61,4
DA:62,4
DA:63,1
DA:66,3
DA:70,2
DA:71,2
DA:72,2
DA:73,1
DA:78,1
LF:34
LH:34
BRDA:36,0,0,1
BRDA:36,0,1,1
BRDA:48,1,0,1
BRDA:48,1,1,1
BRDA:62,2,0,1
BRDA:62,2,1,3
BRDA:72,3,0,1
BRDA:72,3,1,1
BRF:8
BRH:8
end_of_record
TN:
SF:src\Infrastructures\security\BcryptPasswordHash.js
FN:5,(anonymous_0)
FN:11,(anonymous_1)
FN:15,(anonymous_2)
FNF:3
FNH:3
FNDA:3,(anonymous_0)
FNDA:1,(anonymous_1)
FNDA:2,(anonymous_2)
DA:1,1
DA:2,1
DA:6,3
DA:7,3
DA:8,3
DA:12,1
DA:16,2
DA:18,2
DA:19,1
DA:24,1
LF:10
LH:10
BRDA:5,0,0,3
BRDA:18,1,0,1
BRDA:18,1,1,1
BRF:3
BRH:3
end_of_record
TN:
SF:src\Infrastructures\security\JwtTokenManager.js
FN:5,(anonymous_0)
FN:10,(anonymous_1)
FN:16,(anonymous_2)
FN:20,(anonymous_3)
FN:30,(anonymous_4)
FNF:5
FNH:5
FNDA:5,(anonymous_0)
FNDA:3,(anonymous_1)
FNDA:2,(anonymous_2)
FNDA:2,(anonymous_3)
FNDA:1,(anonymous_4)
DA:1,1
DA:2,1
DA:6,5
DA:7,5
DA:11,3
DA:17,2
DA:21,2
DA:22,2
DA:26,1
DA:31,1
DA:35,1
LF:11
LH:11
BRF:0
BRH:0
end_of_record
TN:
SF:src\Interfaces\http\api\projects\middlewares.js
FN:4,editableProjectFields
FN:9,(anonymous_1)
FN:10,(anonymous_2)
FNF:3
FNH:3
FNDA:4,editableProjectFields
FNDA:5,(anonymous_1)
FNDA:3,(anonymous_2)
DA:1,1
DA:2,1
DA:5,4
DA:6,4
DA:9,5
DA:10,4
DA:12,4
DA:13,2
DA:14,2
DA:15,2
DA:16,1
DA:17,1
DA:20,1
DA:23,1
LF:14
LH:14
BRDA:12,0,0,2
BRDA:12,0,1,2
BRDA:15,1,0,1
BRDA:15,1,1,1
BRF:4
BRH:4
end_of_record
TN:
SF:tests\testHelper\UsersTableTestHelper.js
FN:5,(anonymous_0)
FN:16,(anonymous_1)
FN:26,(anonymous_2)
FNF:3
FNH:3
FNDA:50,(anonymous_0)
FNDA:1,(anonymous_1)
FNDA:42,(anonymous_2)
DA:1,5
DA:3,5
DA:4,5
DA:8,50
DA:13,50
DA:17,1
DA:22,1
DA:23,1
DA:27,42
DA:31,5
LF:10
LH:10
BRDA:6,0,0,36
BRDA:6,1,0,36
BRDA:6,2,0,50
BRDA:6,3,0,50
BRDA:6,4,0,50
BRDA:6,5,0,50
BRF:6
BRH:6
end_of_record
